2024-09-26 22:17:06 0 [Note] Starting MariaDB 10.4.32-MariaDB source revision c4143f909528e3fab0677a28631d10389354c491 as process 14812
2024-09-26 22:17:06 0 [Note] InnoDB: Mutexes and rw_locks use Windows interlocked functions
2024-09-26 22:17:06 0 [Note] InnoDB: Uses event mutexes
2024-09-26 22:17:06 0 [Note] InnoDB: Compressed tables use zlib 1.3
2024-09-26 22:17:06 0 [Note] InnoDB: Number of pools: 1
2024-09-26 22:17:06 0 [Note] InnoDB: Using SSE2 crc32 instructions
2024-09-26 22:17:06 0 [Note] InnoDB: Initializing buffer pool, total size = 16M, instances = 1, chunk size = 16M
2024-09-26 22:17:06 0 [Note] InnoDB: Completed initialization of buffer pool
2024-09-26 22:17:06 0 [Note] InnoDB: Starting crash recovery from checkpoint LSN=300288
2024-09-26 22:17:06 0 [Note] InnoDB: 128 out of 128 rollback segments are active.
2024-09-26 22:17:06 0 [Note] InnoDB: Removed temporary tablespace data file: "ibtmp1"
2024-09-26 22:17:06 0 [Note] InnoDB: Creating shared tablespace for temporary tables
2024-09-26 22:17:06 0 [Note] InnoDB: Setting file 'D:\xampp\mysql\data\ibtmp1' size to 12 MB. Physically writing the file full; Please wait ...
2024-09-26 22:17:06 0 [Note] InnoDB: File 'D:\xampp\mysql\data\ibtmp1' size is now 12 MB.
2024-09-26 22:17:06 0 [Note] InnoDB: Waiting for purge to start
2024-09-26 22:17:06 0 [Note] InnoDB: 10.4.32 started; log sequence number 300297; transaction id 170
2024-09-26 22:17:06 0 [Note] InnoDB: Loading buffer pool(s) from D:\xampp\mysql\data\ib_buffer_pool
2024-09-26 22:17:06 0 [Note] Plugin 'FEEDBACK' is disabled.
2024-09-26 22:17:06 0 [Note] Server socket created on IP: '::'.
2024-10-05 14:36:12 0 [Note] Starting MariaDB 10.4.32-MariaDB source revision c4143f909528e3fab0677a28631d10389354c491 as process 4800
2024-10-05 14:36:12 0 [Note] InnoDB: Mutexes and rw_locks use Windows interlocked functions
2024-10-05 14:36:12 0 [Note] InnoDB: Uses event mutexes
2024-10-05 14:36:12 0 [Note] InnoDB: Compressed tables use zlib 1.3
2024-10-05 14:36:12 0 [Note] InnoDB: Number of pools: 1
2024-10-05 14:36:12 0 [Note] InnoDB: Using SSE2 crc32 instructions
2024-10-05 14:36:12 0 [Note] InnoDB: Initializing buffer pool, total size = 16M, instances = 1, chunk size = 16M
2024-10-05 14:36:12 0 [Note] InnoDB: Completed initialization of buffer pool
2024-10-05 14:36:12 0 [Note] InnoDB: Starting crash recovery from checkpoint LSN=323827
2024-10-05 14:36:12 0 [Note] InnoDB: 128 out of 128 rollback segments are active.
2024-10-05 14:36:12 0 [Note] InnoDB: Removed temporary tablespace data file: "ibtmp1"
2024-10-05 14:36:12 0 [Note] InnoDB: Creating shared tablespace for temporary tables
2024-10-05 14:36:12 0 [Note] InnoDB: Setting file 'D:\xampp\mysql\data\ibtmp1' size to 12 MB. Physically writing the file full; Please wait ...
2024-10-05 14:36:12 0 [Note] InnoDB: File 'D:\xampp\mysql\data\ibtmp1' size is now 12 MB.
2024-10-05 14:36:12 0 [Note] InnoDB: Waiting for purge to start
2024-10-05 14:36:12 0 [Note] InnoDB: 10.4.32 started; log sequence number 323836; transaction id 250
2024-10-05 14:36:12 0 [Note] Plugin 'FEEDBACK' is disabled.
2024-10-05 14:36:12 0 [Note] InnoDB: Loading buffer pool(s) from D:\xampp\mysql\data\ib_buffer_pool
2024-10-05 14:36:12 0 [Note] InnoDB: Buffer pool(s) load completed at 241005 14:36:12
2024-10-05 14:36:12 0 [Note] Server socket created on IP: '::'.
2024-10-05 14:37:18 0 [Note] Starting MariaDB 10.4.32-MariaDB source revision c4143f909528e3fab0677a28631d10389354c491 as process 13392
2024-10-05 14:37:18 0 [Note] InnoDB: Mutexes and rw_locks use Windows interlocked functions
2024-10-05 14:37:18 0 [Note] InnoDB: Uses event mutexes
2024-10-05 14:37:18 0 [Note] InnoDB: Compressed tables use zlib 1.3
2024-10-05 14:37:18 0 [Note] InnoDB: Number of pools: 1
2024-10-05 14:37:18 0 [Note] InnoDB: Using SSE2 crc32 instructions
2024-10-05 14:37:18 0 [Note] InnoDB: Initializing buffer pool, total size = 16M, instances = 1, chunk size = 16M
2024-10-05 14:37:18 0 [Note] InnoDB: Completed initialization of buffer pool
2024-10-05 14:37:18 0 [Note] InnoDB: Starting crash recovery from checkpoint LSN=323845
2024-10-05 14:37:18 0 [Note] InnoDB: 128 out of 128 rollback segments are active.
2024-10-05 14:37:18 0 [Note] InnoDB: Removed temporary tablespace data file: "ibtmp1"
2024-10-05 14:37:18 0 [Note] InnoDB: Creating shared tablespace for temporary tables
2024-10-05 14:37:18 0 [Note] InnoDB: Setting file 'D:\xampp\mysql\data\ibtmp1' size to 12 MB. Physically writing the file full; Please wait ...
2024-10-05 14:37:18 0 [Note] InnoDB: File 'D:\xampp\mysql\data\ibtmp1' size is now 12 MB.
2024-10-05 14:37:18 0 [Note] InnoDB: Waiting for purge to start
2024-10-05 14:37:19 0 [Note] InnoDB: 10.4.32 started; log sequence number 323854; transaction id 250
2024-10-05 14:37:19 0 [Note] InnoDB: Loading buffer pool(s) from D:\xampp\mysql\data\ib_buffer_pool
2024-10-05 14:37:19 0 [Note] Plugin 'FEEDBACK' is disabled.
2024-10-05 14:37:19 0 [Note] InnoDB: Buffer pool(s) load completed at 241005 14:37:19
2024-10-05 14:37:19 0 [Note] Server socket created on IP: '::'.
2024-10-05 14:37:46 0 [Note] Starting MariaDB 10.4.32-MariaDB source revision c4143f909528e3fab0677a28631d10389354c491 as process 24872
2024-10-05 14:37:46 0 [Note] InnoDB: Mutexes and rw_locks use Windows interlocked functions
2024-10-05 14:37:46 0 [Note] InnoDB: Uses event mutexes
2024-10-05 14:37:46 0 [Note] InnoDB: Compressed tables use zlib 1.3
2024-10-05 14:37:46 0 [Note] InnoDB: Number of pools: 1
2024-10-05 14:37:46 0 [Note] InnoDB: Using SSE2 crc32 instructions
2024-10-05 14:37:46 0 [Note] InnoDB: Initializing buffer pool, total size = 16M, instances = 1, chunk size = 16M
2024-10-05 14:37:46 0 [Note] InnoDB: Completed initialization of buffer pool
2024-10-05 14:37:46 0 [Note] InnoDB: Starting crash recovery from checkpoint LSN=323863
2024-10-05 14:37:46 0 [Note] InnoDB: 128 out of 128 rollback segments are active.
2024-10-05 14:37:46 0 [Note] InnoDB: Removed temporary tablespace data file: "ibtmp1"
2024-10-05 14:37:46 0 [Note] InnoDB: Creating shared tablespace for temporary tables
2024-10-05 14:37:46 0 [Note] InnoDB: Setting file 'D:\xampp\mysql\data\ibtmp1' size to 12 MB. Physically writing the file full; Please wait ...
2024-10-05 14:37:46 0 [Note] InnoDB: File 'D:\xampp\mysql\data\ibtmp1' size is now 12 MB.
2024-10-05 14:37:46 0 [Note] InnoDB: Waiting for purge to start
2024-10-05 14:37:46 0 [Note] InnoDB: 10.4.32 started; log sequence number 323872; transaction id 250
2024-10-05 14:37:46 0 [Note] InnoDB: Loading buffer pool(s) from D:\xampp\mysql\data\ib_buffer_pool
2024-10-05 14:37:46 0 [Note] Plugin 'FEEDBACK' is disabled.
2024-10-05 14:37:46 0 [Note] Server socket created on IP: '::'.
2024-10-05 16:37:49 0 [Note] Starting MariaDB 10.4.32-MariaDB source revision c4143f909528e3fab0677a28631d10389354c491 as process 752
Cannot find checkpoint record at LSN (1,0x5606)
2024-10-05 16:37:49 0 [ERROR] mysqld.exe: Aria recovery failed. Please run aria_chk -r on all Aria tables and delete all aria_log.######## files
2024-10-05 16:37:49 0 [ERROR] Plugin 'Aria' registration as a STORAGE ENGINE failed.
2024-10-05 16:37:49 0 [Note] InnoDB: Mutexes and rw_locks use Windows interlocked functions
2024-10-05 16:37:49 0 [Note] InnoDB: Uses event mutexes
2024-10-05 16:37:49 0 [Note] InnoDB: Compressed tables use zlib 1.3
2024-10-05 16:37:49 0 [Note] InnoDB: Number of pools: 1
2024-10-05 16:37:49 0 [Note] InnoDB: Using SSE2 crc32 instructions
2024-10-05 16:37:49 0 [Note] InnoDB: Initializing buffer pool, total size = 16M, instances = 1, chunk size = 16M
2024-10-05 16:37:49 0 [Note] InnoDB: Completed initialization of buffer pool
2024-10-05 16:37:49 0 [Note] InnoDB: Starting crash recovery from checkpoint LSN=544978
2024-10-05 16:37:50 0 [Note] InnoDB: 128 out of 128 rollback segments are active.
2024-10-05 16:37:50 0 [Note] InnoDB: Removed temporary tablespace data file: "ibtmp1"
2024-10-05 16:37:50 0 [Note] InnoDB: Creating shared tablespace for temporary tables
2024-10-05 16:37:50 0 [Note] InnoDB: Setting file 'D:\xampp\htdocs\BCweb\db\data\ibtmp1' size to 12 MB. Physically writing the file full; Please wait ...
2024-10-05 16:37:50 0 [Note] InnoDB: File 'D:\xampp\htdocs\BCweb\db\data\ibtmp1' size is now 12 MB.
2024-10-05 16:37:50 0 [Note] InnoDB: Waiting for purge to start
2024-10-05 16:37:50 0 [Note] InnoDB: 10.4.32 started; log sequence number 544987; transaction id 643
2024-10-05 16:37:50 0 [Note] InnoDB: Loading buffer pool(s) from D:\xampp\htdocs\BCweb\db\data\ib_buffer_pool
2024-10-05 16:37:50 0 [Note] Plugin 'FEEDBACK' is disabled.
2024-10-05 16:37:50 0 [ERROR] Could not open mysql.plugin table. Some plugins may be not loaded
2024-10-05 16:37:50 0 [ERROR] Failed to initialize plugins.
2024-10-05 16:37:50 0 [ERROR] Aborting
